<?xml version="1.0" encoding="UTF-8"?>
<coverage generated="1591140964687" clover="3.2.0">
  <project timestamp="1591140964687" name="All files">
    <metrics statements="12" coveredstatements="10" conditionals="0" coveredconditionals="0" methods="5" coveredmethods="3" elements="17" coveredelements="13" complexity="0" loc="12" ncloc="12" packages="1" files="2" classes="2"/>
    <file name="index.stories.tsx" path="/Users/duc/Documents/downloads/juk/template/workspace/packages/juk/src/components/MyComp/index.stories.tsx">
      <metrics statements="6" coveredstatements="4" conditionals="0" coveredconditionals="0" methods="3" coveredmethods="1"/>
      <line num="9" count="1" type="stmt"/>
      <line num="10" count="0" type="stmt"/>
      <line num="16" count="1" type="stmt"/>
      <line num="17" count="1" type="stmt"/>
      <line num="22" count="1" type="stmt"/>
      <line num="23" count="0" type="stmt"/>
    </file>
    <file name="index.tsx" path="/Users/duc/Documents/downloads/juk/template/workspace/packages/juk/src/components/MyComp/index.tsx">
      <metrics statements="6" coveredstatements="6" conditionals="0" coveredconditionals="0" methods="2" coveredmethods="2"/>
      <line num="16" count="1" type="stmt"/>
      <line num="33" count="1" type="stmt"/>
      <line num="34" count="2" type="stmt"/>
      <line num="35" count="2" type="stmt"/>
      <line num="37" count="1" type="stmt"/>
      <line num="41" count="1" type="stmt"/>
    </file>
  </project>
</coverage>
