{"/Users/duc/Documents/downloads/juk/template/workspace/packages/juk/src/components/MyComp/index.stories.tsx": {"data":{"path":"/Users/duc/Documents/downloads/juk/template/workspace/packages/juk/src/components/MyComp/index.stories.tsx","statementMap":{"0":{"start":{"line":9,"column":19},"end":{"line":14,"column":1}},"1":{"start":{"line":10,"column":2},"end":{"line":13,"column":8}},"2":{"start":{"line":16,"column":25},"end":{"line":20,"column":1}},"3":{"start":{"line":17,"column":2},"end":{"line":19,"column":8}},"4":{"start":{"line":22,"column":26},"end":{"line":26,"column":1}},"5":{"start":{"line":23,"column":2},"end":{"line":25,"column":8}}},"fnMap":{"0":{"name":"(anonymous_0)","decl":{"start":{"line":9,"column":19},"end":{"line":9,"column":20}},"loc":{"start":{"line":10,"column":2},"end":{"line":13,"column":8}},"line":10},"1":{"name":"(anonymous_1)","decl":{"start":{"line":16,"column":25},"end":{"line":16,"column":26}},"loc":{"start":{"line":17,"column":2},"end":{"line":19,"column":8}},"line":17},"2":{"name":"(anonymous_2)","decl":{"start":{"line":22,"column":26},"end":{"line":22,"column":27}},"loc":{"start":{"line":23,"column":2},"end":{"line":25,"column":8}},"line":23}},"branchMap":{},"s":{"0":1,"1":0,"2":1,"3":1,"4":1,"5":0},"f":{"0":0,"1":1,"2":0},"b":{},"_coverageSchema":"1a1c01bbd47fc00a2c39e90264f33305004495a9","hash":"fee3bf7a462180425b1fac4725ada9b24e01183e"}}
,"/Users/duc/Documents/downloads/juk/template/workspace/packages/juk/src/components/MyComp/index.tsx": {"data":{"path":"/Users/duc/Documents/downloads/juk/template/workspace/packages/juk/src/components/MyComp/index.tsx","statementMap":{"0":{"start":{"line":16,"column":15},"end":{"line":26,"column":2}},"1":{"start":{"line":33,"column":38},"end":{"line":39,"column":1}},"2":{"start":{"line":34,"column":32},"end":{"line":34,"column":49}},"3":{"start":{"line":35,"column":2},"end":{"line":38,"column":8}},"4":{"start":{"line":37,"column":48},"end":{"line":37,"column":71}},"5":{"start":{"line":41,"column":0},"end":{"line":43,"column":2}}},"fnMap":{"0":{"name":"(anonymous_0)","decl":{"start":{"line":33,"column":38},"end":{"line":33,"column":39}},"loc":{"start":{"line":33,"column":65},"end":{"line":39,"column":1}},"line":33},"1":{"name":"(anonymous_1)","decl":{"start":{"line":37,"column":42},"end":{"line":37,"column":43}},"loc":{"start":{"line":37,"column":48},"end":{"line":37,"column":71}},"line":37}},"branchMap":{},"s":{"0":1,"1":1,"2":2,"3":2,"4":1,"5":1},"f":{"0":2,"1":1},"b":{},"_coverageSchema":"1a1c01bbd47fc00a2c39e90264f33305004495a9","hash":"40cc960e510e6276eb83553e62c05cbb0dd957bd"}}
}
